[0129/113604:ERROR:tcp_socket_win.cc(335)] bind() returned an error: Only one usage of each socket address (protocol/network address/port) is normally permitted. (0x2740)
[0129/113604:ERROR:devtools_http_handler.cc(229)] Cannot start http server for devtools. Stop devtools.
[0129/115028:ERROR:cache_util_win.cc(20)] Unable to move the cache: 5
[0129/115028:ERROR:cache_util.cc(134)] Unable to move cache folder C:\ProgramData\Altium\Altium Designer {61768A82-D029-4529-9DDD-73572A365647}\BrowserCache\GPUCache to C:\ProgramData\Altium\Altium Designer {61768A82-D029-4529-9DDD-73572A365647}\BrowserCache\old_GPUCache_000
[0129/115028:ERROR:cache_creator.cc(129)] Unable to create cache
[0129/115028:ERROR:shader_disk_cache.cc(589)] Shader Cache Creation failed: -2
[0129/115028:ERROR:cache_util_win.cc(20)] Unable to move the cache: 5
[0129/115028:ERROR:cache_util.cc(134)] Unable to move cache folder C:\ProgramData\Altium\Altium Designer {61768A82-D029-4529-9DDD-73572A365647}\BrowserCache to C:\ProgramData\Altium\Altium Designer {61768A82-D029-4529-9DDD-73572A365647}\old_BrowserCache_000
[0129/115028:ERROR:cache_creator.cc(129)] Unable to create cache
[0129/140209:WARNING:dns_config_service_win.cc(665)] Failed to read DnsConfig.
[0129/140210:WARNING:dns_config_service_win.cc(665)] Failed to read DnsConfig.
[0129/140210:WARNING:dns_config_service_win.cc(665)] Failed to read DnsConfig.
[0129/140210:WARNING:dns_config_service_win.cc(665)] Failed to read DnsConfig.
[0129/140213:WARNING:dns_config_service_win.cc(665)] Failed to read DnsConfig.
[0129/140214:WARNING:dns_config_service_win.cc(665)] Failed to read DnsConfig.
[0129/140215:WARNING:dns_config_service_win.cc(665)] Failed to read DnsConfig.
[0129/140215:WARNING:dns_config_service_win.cc(665)] Failed to read DnsConfig.
[0129/140215:WARNING:dns_config_service_win.cc(665)] Failed to read DnsConfig.
[0129/140216:WARNING:dns_config_service_win.cc(665)] Failed to read DnsConfig.
[0129/153251:WARNING:dns_config_service_win.cc(665)] Failed to read DnsConfig.
[0129/153251:WARNING:dns_config_service_win.cc(665)] Failed to read DnsConfig.
[0129/153251:WARNING:dns_config_service_win.cc(665)] Failed to read DnsConfig.
[0129/153251:WARNING:dns_config_service_win.cc(665)] Failed to read DnsConfig.
[0129/153251:WARNING:dns_config_service_win.cc(665)] Failed to read DnsConfig.
[0129/153256:WARNING:dns_config_service_win.cc(665)] Failed to read DnsConfig.
[0129/153256:WARNING:dns_config_service_win.cc(665)] Failed to read DnsConfig.
[0129/153256:WARNING:dns_config_service_win.cc(665)] Failed to read DnsConfig.
[0129/153256:WARNING:dns_config_service_win.cc(665)] Failed to read DnsConfig.
[0129/153256:WARNING:dns_config_service_win.cc(665)] Failed to read DnsConfig.
[0129/153301:WARNING:dns_config_service_win.cc(665)] Failed to read DnsConfig.
[0129/153301:WARNING:dns_config_service_win.cc(665)] Failed to read DnsConfig.
[0129/153301:WARNING:dns_config_service_win.cc(665)] Failed to read DnsConfig.
[0129/153301:WARNING:dns_config_service_win.cc(665)] Failed to read DnsConfig.
[0129/153301:WARNING:dns_config_service_win.cc(665)] Failed to read DnsConfig.
[0129/164903:WARNING:dns_config_service_win.cc(665)] Failed to read DnsConfig.
[0129/164903:WARNING:dns_config_service_win.cc(665)] Failed to read DnsConfig.
[0129/164903:WARNING:dns_config_service_win.cc(665)] Failed to read DnsConfig.
[0129/164903:WARNING:dns_config_service_win.cc(665)] Failed to read DnsConfig.
[0129/164903:WARNING:dns_config_service_win.cc(665)] Failed to read DnsConfig.
[0129/171019:WARNING:dns_config_service_win.cc(665)] Failed to read DnsConfig.
[0129/171019:WARNING:dns_config_service_win.cc(665)] Failed to read DnsConfig.
[0129/171020:WARNING:dns_config_service_win.cc(665)] Failed to read DnsConfig.
